Determining if the pthread_create exist failed with the following output:
Change Dir: /home/meldib/work_space/sensors_workflow/build/CMakeFiles/CMakeTmp

Run Build Command:"/usr/bin/make" "cmTC_2bdcb/fast"
/usr/bin/make -f CMakeFiles/cmTC_2bdcb.dir/build.make CMakeFiles/cmTC_2bdcb.dir/build
make[1]: Entering directory '/home/meldib/work_space/sensors_workflow/build/CMakeFiles/CMakeTmp'
Building C object CMakeFiles/cmTC_2bdcb.dir/CheckSymbolExists.c.o
/usr/bin/gcc    -o CMakeFiles/cmTC_2bdcb.dir/CheckSymbolExists.c.o   -c /home/meldib/work_space/sensors_workflow/build/CMakeFiles/CMakeTmp/CheckSymbolExists.c
Linking C executable cmTC_2bdcb
/usr/bin/cmake -E cmake_link_script CMakeFiles/cmTC_2bdcb.dir/link.txt --verbose=1
/usr/bin/gcc      -rdynamic CMakeFiles/cmTC_2bdcb.dir/CheckSymbolExists.c.o  -o cmTC_2bdcb 
CMakeFiles/cmTC_2bdcb.dir/CheckSymbolExists.c.o: In function `main':
CheckSymbolExists.c:(.text+0x1b): undefined reference to `pthread_create'
collect2: error: ld returned 1 exit status
CMakeFiles/cmTC_2bdcb.dir/build.make:97: recipe for target 'cmTC_2bdcb' failed
make[1]: *** [cmTC_2bdcb] Error 1
make[1]: Leaving directory '/home/meldib/work_space/sensors_workflow/build/CMakeFiles/CMakeTmp'
Makefile:126: recipe for target 'cmTC_2bdcb/fast' failed
make: *** [cmTC_2bdcb/fast] Error 2

File /home/meldib/work_space/sensors_workflow/build/CMakeFiles/CMakeTmp/CheckSymbolExists.c:
/* */
#include <pthread.h>

int main(int argc, char** argv)
{
  (void)argv;
#ifndef pthread_create
  return ((int*)(&pthread_create))[argc];
#else
  (void)argc;
  return 0;
#endif
}

Determining if the function pthread_create exists in the pthreads failed with the following output:
Change Dir: /home/meldib/work_space/sensors_workflow/build/CMakeFiles/CMakeTmp

Run Build Command:"/usr/bin/make" "cmTC_77b05/fast"
/usr/bin/make -f CMakeFiles/cmTC_77b05.dir/build.make CMakeFiles/cmTC_77b05.dir/build
make[1]: Entering directory '/home/meldib/work_space/sensors_workflow/build/CMakeFiles/CMakeTmp'
Building C object CMakeFiles/cmTC_77b05.dir/CheckFunctionExists.c.o
/usr/bin/gcc   -DCHECK_FUNCTION_EXISTS=pthread_create   -o CMakeFiles/cmTC_77b05.dir/CheckFunctionExists.c.o   -c /usr/share/cmake-3.10/Modules/CheckFunctionExists.c
Linking C executable cmTC_77b05
/usr/bin/cmake -E cmake_link_script CMakeFiles/cmTC_77b05.dir/link.txt --verbose=1
/usr/bin/gcc  -DCHECK_FUNCTION_EXISTS=pthread_create    -rdynamic CMakeFiles/cmTC_77b05.dir/CheckFunctionExists.c.o  -o cmTC_77b05 -lpthreads 
/usr/bin/x86_64-linux-gnu-ld: cannot find -lpthreads
collect2: error: ld returned 1 exit status
CMakeFiles/cmTC_77b05.dir/build.make:97: recipe for target 'cmTC_77b05' failed
make[1]: *** [cmTC_77b05] Error 1
make[1]: Leaving directory '/home/meldib/work_space/sensors_workflow/build/CMakeFiles/CMakeTmp'
Makefile:126: recipe for target 'cmTC_77b05/fast' failed
make: *** [cmTC_77b05/fast] Error 2


